Determining if the pthread_create exist failed with the following output:
Change Dir: /home/pra11/PCA_Exercises/ex03/CMakeFiles/CMakeTmp

Run Build Command:/usr/bin/gmake "cmTryCompileExec3687400819/fast"
/usr/bin/gmake -f CMakeFiles/cmTryCompileExec3687400819.dir/build.make CMakeFiles/cmTryCompileExec3687400819.dir/build
gmake[1]: Entering directory `/home/pra11/PCA_Exercises/ex03/CMakeFiles/CMakeTmp'
/usr/bin/cmake -E cmake_progress_report /home/pra11/PCA_Exercises/ex03/CMakeFiles/CMakeTmp/CMakeFiles 1
Building C object CMakeFiles/cmTryCompileExec3687400819.dir/CheckSymbolExists.c.o
/usr/bin/cc    -o CMakeFiles/cmTryCompileExec3687400819.dir/CheckSymbolExists.c.o   -c /home/pra11/PCA_Exercises/ex03/CMakeFiles/CMakeTmp/CheckSymbolExists.c
Linking C executable cmTryCompileExec3687400819
/usr/bin/cmake -E cmake_link_script CMakeFiles/cmTryCompileExec3687400819.dir/link.txt --verbose=1
/usr/bin/cc       CMakeFiles/cmTryCompileExec3687400819.dir/CheckSymbolExists.c.o  -o cmTryCompileExec3687400819 -rdynamic 
CMakeFiles/cmTryCompileExec3687400819.dir/CheckSymbolExists.c.o: In function `main':
CheckSymbolExists.c:(.text+0x16): undefined reference to `pthread_create'
collect2: error: ld returned 1 exit status
gmake[1]: *** [cmTryCompileExec3687400819] Error 1
gmake[1]: Leaving directory `/home/pra11/PCA_Exercises/ex03/CMakeFiles/CMakeTmp'
gmake: *** [cmTryCompileExec3687400819/fast] Error 2

File /home/pra11/PCA_Exercises/ex03/CMakeFiles/CMakeTmp/CheckSymbolExists.c:
/* */
#include <pthread.h>

int main(int argc, char** argv)
{
  (void)argv;
#ifndef pthread_create
  return ((int*)(&pthread_create))[argc];
#else
  (void)argc;
  return 0;
#endif
}

Determining if the function pthread_create exists in the pthreads failed with the following output:
Change Dir: /home/pra11/PCA_Exercises/ex03/CMakeFiles/CMakeTmp

Run Build Command:/usr/bin/gmake "cmTryCompileExec1226306556/fast"
/usr/bin/gmake -f CMakeFiles/cmTryCompileExec1226306556.dir/build.make CMakeFiles/cmTryCompileExec1226306556.dir/build
gmake[1]: Entering directory `/home/pra11/PCA_Exercises/ex03/CMakeFiles/CMakeTmp'
/usr/bin/cmake -E cmake_progress_report /home/pra11/PCA_Exercises/ex03/CMakeFiles/CMakeTmp/CMakeFiles 1
Building C object CMakeFiles/cmTryCompileExec1226306556.dir/CheckFunctionExists.c.o
/usr/bin/cc   -DCHECK_FUNCTION_EXISTS=pthread_create   -o CMakeFiles/cmTryCompileExec1226306556.dir/CheckFunctionExists.c.o   -c /usr/share/cmake/Modules/CheckFunctionExists.c
Linking C executable cmTryCompileExec1226306556
/usr/bin/cmake -E cmake_link_script CMakeFiles/cmTryCompileExec1226306556.dir/link.txt --verbose=1
/usr/bin/cc   -DCHECK_FUNCTION_EXISTS=pthread_create    CMakeFiles/cmTryCompileExec1226306556.dir/CheckFunctionExists.c.o  -o cmTryCompileExec1226306556 -rdynamic -lpthreads 
/usr/bin/ld: cannot find -lpthreads
collect2: error: ld returned 1 exit status
gmake[1]: *** [cmTryCompileExec1226306556] Error 1
gmake[1]: Leaving directory `/home/pra11/PCA_Exercises/ex03/CMakeFiles/CMakeTmp'
gmake: *** [cmTryCompileExec1226306556/fast] Error 2


